[RUN #0 100 100]
-374 -478 -604 -945 539 -602 544 991 -701 804 -811 -422 719 -784 -406 905 -413 440 -803 -972 238 222 -118 -901 156 -475 -90 760 -112 743 532 237 208 -298 -812 18 868 723 234 -521 95 473 -611 -443 248 38 -859 -307 94 -809 143 624 8 39 636 -313 -327 297 -836 51 -922 -424 -770 36 16 391 658 -866 -568 712 829 58 767 -372 -129 -970 781 414 613 -52 -108 -734 510 199 442 -199 -282 818 -500 369 -160 -644 97 -6 754 922 -937 -448 24 244
-155 228 -954 964 -598 -298 555 -807 566 -893 -2 -294 -571 -153 -601 807 -126 530 443 277 -745 -421 -898 -861 -174 198 323 396 101 370 -438 -900 -46 304 350 777 584 877 680 -678 550 -405 -167 730 -37 798 53 -500 905 420 -852 -615 -689 564 -454 -296 -440 642 501 -608 -530 -936 -853 -213 -764 115 -53 141 203 -902 629 365 -653 -408 -706 445 -961 973 674 914 206 311 197 -707 -682 73 543 191 -619 -252 -20 871 -460 -146 -373 -386 -753 -452 -865 -288
175 69 -705 863 -192 831 961 -78 -897 24 -273 202 -33 90 -266 -864 669 683 89 486 -709 625 944 -399 647 -560 375 736 537 665 929 -940 517 -286 -430 827 139 -672 -837 439 -462 -393 -865 -507 -829 -228 -211 8 150 -135 -511 -66 -218 278 -493 -126 -775 267 -990 128 505 -150 508 -935 -405 -415 891 513 532 -727 -652 169 -381 -445 -585 -114 -118 338 -886 887 -58 -123 -799 335 413 -276 -1 534 329 -3 -324 -288 804 -267 -227 -19 -24 180 646 -480
23 -563 -559 -384 -907 419 283 185 -740 -103 2 474 520 158 657 418 -290 974 167 792 424 559 524 -245 -995 256 -813 -735 5 594 603 721 942 -992 781 -340 705 380 -188 -769 -45 -544 -95 -551 -797 -332 -573 895 -57 727 -202 725 14 -253 494 -72 -553 997 546 908 613 119 469 825 -55 -474 293 885 601 -294 184 -310 379 -92 -628 -783 -651 -886 -795 404 -372 67 -654 182 -869 -990 -646 888 -882 847 363 948 74 -592 -30 -937 -940 277 -274 442
-798 -661 713 -366 -905 -666 -423 -327 741 -712 -209 81 -47 784 -89 -778 -610 -79 -399 -789 138 -379 -50 -597 391 190 255 -452 331 -314 182 155 483 462 -397 45 -714 307 -788 -437 744 -954 632 -69 80 -494 -425 620 312 968 -215 -850 -135 -439 315 -219 534 -60 165 908 575 -289 -508 802 94 -208 947 -784 956 596 -630 289 224 -653 520 599 862 775 249 403 792 -518 701 -522 -766 -770 325 570 509 -334 -716 -598 745 722 292 212 -818 609 514 -117
217 12 -692 889 -390 -983 703 581 -284 413 -303 549 227 99 775 321 -435 420 -775 178 81 492 599 95 663 110 -153 -129 -386 23 22 -451 -463 984 -624 216 -135 752 468 462 493 -520 -676 -355 -214 -348 101 -823 -535 194 -35 900 -109 677 626 -829 438 890 452 -546 879 112 262 -493 -571 -157 -506 -601 815 -139 857 552 -33 86 -46 -219 -808 -337 -743 625 -652 835 512 -403 880 -115 564 -999 522 484 -790 131 665 699 -619 -391 -962 -925 219 849
473 -472 -500 -52 -204 707 -468 -553 878 723 -705 -587 20 814 -208 -137 -818 -663 507 -992 -725 -684 -368 -573 411 -721 948 901 -245 446 -414 519 56 -774 -236 -454 -7 584 -190 -810 -64 -136 732 672 -649 -546 -307 476 -29 613 666 163 -82 133 -968 -921 -763 670 -20 -718 755 -995 770 -89 644 191 -534 -819 259 404 221 -269 -73 352 124 -974 817 -72 -596 856 739 184 873 -955 -724 -661 -557 -35 773 46 789 36 887 -767 -492 -259 435 626 -523 -489
-581 -157 -86 -508 -448 -5 546 747 107 -746 823 -251 878 -26 -978 -747 -619 -141 -22 -881 624 -333 423 -228 -691 468 -510 -286 -717 -27 971 538 -731 262 758 658 294 -415 -727 -288 -173 303 -367 -208 -337 -564 -332 -804 -558 680 -138 -172 -964 -904 573 -724 502 -56 -712 396 -512 -334 -514 -986 -65 198 52 306 360 656 597 290 -66 -11 863 -364 481 986 -542 33 405 514 909 554 -386 798 111 -292 428 607 -891 866 -730 351 -628 -177 -153 118 -277 -703
278 424 236 217 -516 -848 -976 685 886 428 286 3 -818 -153 933 -784 -195 -334 -144 453 -386 -434 719 -55 117 279 -742 -599 -619 -119 315 -191 305 -168 -624 562 -630 755 -263 870 -539 116 881 -402 323 -208 138 86 -341 958 -823 -893 -747 333 -800 -812 -282 -270 -286 -944 352 156 -974 -317 355 70 515 -26 679 -694 822 -117 750 1 999 31 271 -969 501 668 -4 480 752 845 -695 -835 -395 -313 -608 -155 -410 307 -936 -83 105 -584 854 108 556 -654
192 -231 703 5 -75 -351 -594 976 -988 523 52 641 627 -543 -572 -638 999 72 -480 457 371 132 -717 -408 660 -706 -449 -308 927 732 -797 -545 64 -832 408 -192 -33 -458 -695 -476 694 470 -273 127 -319 -202 73 -891 180 -164 947 -954 96 -946 353 -418 -161 495 824 -188 74 -401 277 365 -370 -116 -655 -590 683 -389 -675 841 662 577 -469 -276 -662 -989 396 -715 -406 -858 -508 -521 843 545 697 707 473 764 493 471 -534 -269 280 -303 -313 -803 514 -581
-245 -775 758 -749 157 -541 779 277 -55 581 91 -499 -204 -1 856 256 740 744 700 850 -157 -533 -15 -313 -367 937 679 -78 -816 -882 -733 90 -845 -321 176 -196 158 -748 -286 812 -473 -436 3 414 667 681 883 92 -108 880 197 -97 -296 -741 837 -841 973 -506 -704 -763 869 931 -987 999 -607 -953 421 -543 244 -485 665 675 45 684 895 987 399 -689 -932 -683 910 -794 -893 375 752 -834 10 237 15 109 -839 -734 37 -260 393 876 -230 82 -207 -315
-391 -167 910 -111 -849 915 304 -588 -32 -480 223 -517 -783 334 -524 -440 750 -252 -988 -11 651 182 -298 641 -903 825 848 -628 870 -615 669 715 606 -927 -555 699 -818 -867 903 -68 112 820 693 -958 585 415 -208 303 -382 -930 957 -610 -57 -174 -195 998 702 557 -662 161 639 -594 -659 296 58 545 -887 274 424 9 496 -41 -602 302 -349 675 816 618 -947 -173 -632 -854 -411 -2 -612 908 663 -268 529 614 813 -386 226 234 174 448 -225 935 678 588
561 -71 350 607 -263 -23 210 -872 -788 -549 -86 -349 7 877 568 416 -274 853 384 8 17 -225 -341 -324 86 470 917 161 925 542 -776 405 452 -278 -186 996 -989 -853 30 -163 -968 819 -449 262 -660 370 846 831 188 -861 -991 -640 266 908 397 -860 740 711 -380 -590 -941 617 -587 -461 177 -524 -463 446 454 395 -769 886 -412 -254 964 -226 -19 -329 647 83 511 -93 165 393 -797 407 -725 -760 -917 859 491 528 -339 857 -929 524 80 -289 91 249
945 541 447 -91 -570 345 538 146 128 -895 346 -215 611 394 -923 710 -688 -16 91 -462 -565 -296 -366 393 -93 -999 908 86 -415 103 -436 402 -101 217 -289 34 807 -732 -961 -657 427 -634 -741 137 204 732 -478 755 644 670 568 482 -434 -684 -490 811 -485 -277 -896 348 -130 494 -307 324 556 83 917 73 210 926 -252 -455 -281 74 297 321 558 982 -271 369 863 821 -160 264 -256 154 111 -388 -716 -95 -253 791 -169 -470 -793 -932 -845 -134 521 -186
252 649 -31 -168 960 417 216 881 423 261 -726 -900 -147 759 378 -111 521 943 966 755 708 -180 325 -97 49 728 311 576 -718 -672 -181 111 981 -604 -121 135 -626 -610 -164 -274 612 -841 -453 -502 940 638 -954 -254 438 938 -468 -673 324 736 156 118 -989 748 168 110 813 916 -864 622 894 459 -306 762 -592 -903 -606 250 678 243 616 834 115 -113 578 239 999 531 -793 137 -674 -840 650 -403 -658 81 588 382 455 804 104 921 764 -982 29 -789
-468 308 -551 -24 451 -130 -99 904 369 34 179 -426 -952 -151 275 967 -877 -382 781 633 390 -336 421 219 -357 475 -556 -369 763 -66 945 -958 739 -33 -899 208 -350 -558 755 -800 315 94 -309 480 314 -400 706 -245 -785 878 -150 -994 -91 -36 -995 428 -157 40 -316 -218 766 18 -976 378 -915 -76 -883 -176 376 -565 -217 156 466 -864 60 300 258 44 814 139 985 -594 -637 -70 -709 -797 -715 176 224 605 4 -64 -708 -898 -989 -557 -387 365 -37 -970
667 254 838 455 -907 906 -500 894 656 -372 -278 -645 -605 -467 -613 247 544 -328 757 190 -281 -155 751 -403 -707 816 404 -830 767 671 195 492 -313 822 -226 -607 -15 -283 618 777 -776 966 -438 270 360 -41 649 -557 -360 -851 284 14 -938 226 936 598 653 49 -127 12 -536 967 491 86 678 263 307 -760 919 -491 274 498 -27 15 595 -129 -78 -720 680 -673 473 802 807 869 -750 -16 -950 -780 470 531 -258 -239 121 -194 367 575 -91 984 579 -56
-11 873 -302 -979 898 170 -651 -918 -330 -732 -245 27 -977 92 -407 -311 -513 -105 -751 -889 -59 -532 -426 465 -439 62 575 -790 -383 -339 429 640 -22 -367 831 -910 -718 191 54 494 -107 -727 -623 285 -403 930 -415 -54 -950 -671 -230 899 543 -800 -543 80 599 717 -358 -238 -247 758 -133 492 -104 -983 420 577 -35 750 161 236 -424 570 418 -803 238 126 -619 798 -4 -552 -965 735 242 322 694 230 821 527 589 650 -98 250 201 -493 -507 30 685 -818
-754 728 -214 -951 519 496 699 -631 -100 -466 520 926 -190 -356 843 648 814 -798 -828 -48 167 221 446 -604 119 -747 -574 -651 308 882 219 -676 -249 -929 502 418 -864 -941 -209 427 -678 -854 -373 68 -512 102 719 486 -15 982 394 79 -220 157 -433 -259 -57 743 -820 700 -131 997 -246 -790 336 -107 -935 -242 259 -636 654 -381 650 860 737 -421 576 544 706 500 -236 614 857 -283 -488 399 0 940 709 -643 340 -903 -50 976 396 40 799 -476 919 -277
733 -955 -780 -867 115 51 687 -588 -571 60 631 -573 -515 239 -486 63 22 -319 380 506 483 393 -906 660 -584 -78 611 158 137 -335 -977 281 32 766 -858 -835 428 748 -230 208 199 502 123 398 371 -902 -324 972 -155 447 424 845 -395 -455 310 -225 18 -66 857 376 219 194 621 -666 -690 853 -981 -885 167 823 -842 -186 -465 -197 -973 -116 470 -693 726 704 992 695 284 176 384 392 -661 709 -549 803 960 585 -371 -206 -733 666 28 906 -452 -32
-92 934 -271 308 -55 -423 -816 -719 -657 -348 815 -940 616 -377 533 -137 -284 58 18 -319 243 -929 325 172 -659 17 -124 176 -556 387 -743 -868 700 -934 -610 -655 240 565 412 343 438 470 -215 408 121 -587 -121 -109 521 54 536 -731 -275 -305 658 807 -645 167 -339 492 -791 -72 -403 -560 0 -547 806 -147 940 -18 911 400 439 -477 -185 -951 552 660 -687 -840 111 -406 -800 991 -680 -56 -636 -33 849 -733 -219 440 68 336 821 481 -677 371 661 -498
-234 -311 -679 -637 118 414 -169 863 -726 -523 -853 858 580 543 -843 -698 715 183 205 551 266 74 -63 198 -714 748 -945 -410 390 974 -31 411 -930 -373 -950 -787 850 -56 -913 356 -92 -254 362 798 358 809 -269 -871 691 880 -145 549 794 -948 -322 961 -142 107 -656 -949 686 -208 -246 747 310 -965 260 325 -483 194 -444 -177 -351 712 -547 276 -502 833 -397 706 469 162 -736 185 768 -486 839 355 636 -394 947 80 -114 253 388 -374 464 646 -9 187
37 -451 -322 226 259 -982 -791 197 -416 534 -216 -527 346 627 727 843 373 644 702 -331 654 888 -168 -231 -3 29 386 -812 678 148 -927 -737 342 946 475 -148 -668 -810 786 -554 -443 -354 895 492 332 -531 414 164 -535 356 41 138 52 -893 137 -924 -508 825 902 -912 274 -167 -533 249 -998 -830 -65 913 892 -379 -334 -882 -683 54 10 558 969 400 86 116 834 -753 394 -549 745 -526 272 -37 136 505 545 69 351 -83 882 -186 53 -134 -66 997
-768 463 393 197 -556 501 -342 781 -907 -821 810 643 97 -668 789 735 443 592 588 171 -290 -701 909 -879 309 -734 -596 449 817 619 -720 -860 -980 -162 56 -493 -923 -645 688 348 710 -574 -200 540 -63 950 492 -909 -916 -543 847 -629 -897 -237 380 -329 -691 -62 -184 -51 617 -595 -322 546 -621 813 -757 -81 476 -580 161 -212 108 -462 811 -970 -65 -683 -506 20 966 333 706 -792 -498 -361 -461 -500 -900 577 -382 986 183 166 730 395 -465 -740 -269 -171
-681 -591 247 694 702 -213 -672 -989 540 996 112 -168 -80 857 -395 989 336 993 -183 498 819 659 -961 9 576 651 -144 203 410 241 114 -660 830 607 -793 8 -160 -860 -421 593 516 -257 -607 953 -208 438 -891 -247 145 -151 -707 -964 666 -450 -928 -335 -360 -299 135 172 -653 32 -38 -428 -654 661 926 -309 -485 -15 566 918 755 683 523 -632 721 -21 454 -136 -262 -630 -895 726 298 722 -279 -126 71 575 906 293 -155 198 62 -477 -173 677 -456 -791
221 -543 222 -678 345 -823 -143 -261 517 -245 984 -993 158 644 186 -408 -226 996 -470 70 435 162 -26 -97 821 299 777 -350 12 -410 297 -256 902 -637 95 -596 -949 612 392 -840 -618 -310 251 -172 888 -55 -880 -894 -777 -736 -613 -312 -495 -19 -516 839 177 -497 -198 30 507 -252 320 -693 -692 671 91 933 -529 -864 -449 489 -750 980 -773 -477 -582 882 -965 704 -641 -461 -292 -431 235 371 -250 -13 -810 485 399 317 -700 525 560 -943 -90 -236 89 124
-625 872 396 77 -372 818 -497 -436 450 901 -935 785 400 285 -37 485 -85 192 -526 789 403 819 162 -634 860 -869 -164 -364 -804 -79 7 861 461 -172 -46 -868 -831 -640 153 -210 -29 -5 -103 318 590 -830 329 -83 -884 -296 -406 964 -45 -767 -832 715 220 -274 -778 934 932 685 690 -959 -2 20 989 992 -476 219 -871 -475 -498 -462 -932 101 -41 658 -104 31 -694 -938 -733 244 -737 935 122 415 -100 -127 -275 -310 559 -929 535 -517 741 -722 -110 92
544 -859 -116 39 331 888 615 -850 970 120 88 32 -286 526 -50 -153 764 586 549 465 -576 -810 810 -444 448 518 752 -319 686 746 -46 590 460 -84 766 755 979 17 585 160 161 859 -208 214 954 822 -538 -301 -755 931 -44 -165 381 857 407 -490 -404 -646 -618 -635 20 360 -383 293 -426 542 482 -240 -727 929 1 14 861 724 756 -145 -364 -53 174 -362 587 874 892 622 212 -784 674 366 -149 -453 58 955 -328 886 -262 -891 814 -193 271 27
930 -971 118 -268 656 454 -796 514 585 713 -837 -692 -99 341 651 87 -244 -706 -512 154 -248 143 -923 -342 -200 -604 131 -680 127 863 -188 -136 -304 -817 -652 519 -818 -648 -548 807 -943 672 581 21 -799 -404 -293 -26 232 120 -949 -305 -711 299 465 279 23 -733 937 434 586 -282 -29 -52 431 128 -807 490 -161 561 124 994 502 813 284 432 -626 -537 -518 -761 188 -966 450 866 578 612 625 230 250 -187 -132 996 110 420 254 550 -228 -493 -16 644
99 640 -346 -411 -912 -34 -42 -605 -376 594 901 -314 -82 -686 -372 -458 186 -706 -297 596 316 717 -246 563 -871 343 137 917 -269 36 -299 880 689 -970 -521 -489 -1 967 622 -691 745 287 -958 -604 -800 -415 -187 -615 115 -591 -759 451 185 -226 -330 791 -163 756 130 -153 -560 536 -676 -847 -69 -409 134 521 417 263 246 286 938 -956 -402 747 437 37 -570 605 -155 976 -23 -430 827 -789 928 -325 -974 767 -899 574 932 -21 533 920 -262 -323 -217 -725
714 859 55 -880 671 -793 -875 697 -102 -930 484 502 930 334 95 -277 -715 -91 856 -895 822 643 -532 527 -640 551 -953 151 -493 -564 895 875 -569 703 -771 261 -731 -558 -319 946 -692 -214 -314 -496 -874 -951 -590 -109 511 -796 404 581 271 -904 -286 -372 -351 62 -772 635 -706 -628 524 -497 -652 -555 -934 103 605 680 -398 431 -576 536 984 903 -580 -887 -163 -711 -206 719 -197 462 -982 356 181 -852 15 215 530 -579 663 -41 195 -813 547 251 -230 -461
-769 467 208 -199 561 -925 -200 -140 -24 771 -861 701 -227 351 -457 269 -617 -542 -780 20 -453 -183 961 -647 -836 -747 166 -802 1 21 -257 338 289 708 851 -852 -129 964 914 -470 797 36 169 -273 617 285 -428 870 69 47 -375 728 399 -100 493 -544 -946 -878 -663 -1 802 -141 706 -928 -342 199 -909 346 -723 644 97 -447 817 -931 763 646 62 109 -25 -128 96 135 874 -5 586 -417 -976 632 969 574 -643 159 43 606 -288 -529 148 364 106 -307
-584 -807 620 457 -318 632 -294 -727 548 -849 -518 -60 -250 219 -376 -602 -475 -552 -603 999 389 -504 -63 -324 746 -913 -79 -660 967 278 -111 501 197 -923 748 -600 266 236 708 65 58 -850 -692 517 476 -224 -175 335 557 -771 -395 -737 -408 613 472 511 -96 -773 326 215 209 -509 626 -955 -153 221 823 641 -677 863 -384 765 -854 -105 995 295 -84 -163 849 162 940 368 740 751 -501 880 -491 399 636 604 856 596 951 196 -798 -171 -687 -357 974 698
-777 -234 368 -654 549 623 -178 586 -594 -288 -210 339 255 161 513 641 172 490 -932 406 25 -205 877 -61 -51 -327 585 -260 39 869 -561 178 -681 -613 312 -673 683 -746 495 -129 -638 974 306 -779 194 963 727 43 -159 -887 575 666 -568 859 139 -192 898 50 -900 862 -506 -676 70 -915 984 491 -191 -196 -583 -325 443 762 917 860 -2 -925 -586 313 964 -128 655 -857 -492 645 -622 493 -743 -702 98 389 -845 -809 693 -689 -309 298 -167 226 -782 68
243 33 -904 753 -668 -485 127 680 -414 -73 869 44 -530 619 -80 -542 421 521 -941 739 126 -65 -267 738 -242 -499 -170 -896 651 -302 -98 998 523 659 -237 -168 -522 17 -205 98 405 393 -40 807 -471 -313 -431 984 943 69 473 67 -27 -47 -676 548 85 20 346 297 -441 424 -332 934 668 -456 538 -478 676 -685 -218 467 -989 730 314 -315 249 133 -12 310 -633 -769 -960 519 -429 516 601 441 -296 -252 21 -438 -680 -533 653 362 -312 892 888 -319
[RUN #1 3 3]
253 360 -394
218 -982 -304
919 -337 -806
[RUN #2 5 5]
-104 759 -817 882 766
-815 222 527 845 790
658 910 714 -387 655
-981 -152 720 -800 -836
967 770 -802 -390 869
[RUN #3 5 5]
695 361 -687 -394 -757
66 -230 760 609 -179
813 909 -560 418 128
70 -106 250 128 415
548 153 958 878 789
[RUN #4 5 5]
-334 265 651 -867 256
97 633 766 56 -452
-144 805 22 -140 -334
672 495 -578 -362 -217
-807 -225 -239 -472 100
[RUN #5 5 5]
668 136 292 -541 -148
802 892 355 -548 -15
-936 182 -133 66 -417
288 -35 886 -905 -271
-904 -847 -611 155 -386
[RUN #6 4 4]
-985 -185 897 651
488 168 -794 569
943 825 -894 -277
-497 -28 -159 215
[RUN #7 5 4]
-48 870 -452 535 -828
-753 207 -262 365 975
-656 113 -846 -449 -178
568 -272 -306 -164 245
[RUN #8 4 5]
-304 571 -745 -810
712 317 -983 708
-840 206 -686 -809
-851 -60 -612 -725
-318 538 -491 -287
[RUN #9 3 5]
-832 -352 930
909 305 -255
-96 244 -118
-912 681 972
230 -612 549
[RUN #10 4 3]
192 -240 -412 872
-71 -884 -379 919
-199 964 -775 101
[RUN #11 5 3]
585 746 -999 151 -91
-854 510 -276 315 -225
619 -774 194 215 -104
[RUN #12 4 4]
986 -824 635 -515
-258 188 -344 -384
-331 -584 889 95
24 290 -215 -364
[RUN #13 4 4]
978 -443 -604 413
796 -295 -464 41
-92 72 256 517
-676 676 -60 -867
[RUN #14 4 4]
-346 -598 -635 58
-830 905 751 991
826 651 -265 982
561 595 717 -499
[RUN #15 4 4]
-905 4 -204 -49
613 167 -418 -883
-843 901 -608 -483
-915 552 116 -465
[RUN #16 4 4]
-763 359 -308 818
626 -148 -626 -243
456 453 948 -608
-742 334 983 682
[RUN #17 4 4]
-5 -106 -568 -579
-823 -846 521 -786
753 -31 981 -179
-584 -494 -64 495
[RUN #18 4 4]
40 328 -757 249
-647 -748 352 -457
823 996 -80 507
-806 -289 -659 381
[RUN #19 4 4]
-332 -679 -759 374
-689 -136 -68 574
-987 -764 344 392
-764 459 786 -376
[RUN #20 4 4]
-547 796 348 471
-669 530 -814 -24
233 781 -417 641
-125 -31 -532 -626
[RUN #21 4 4]
299 -749 776 -592
-576 955 505 -162
-810 -281 -903 331
22 -137 -427 -694
[RUN #22 4 4]
-801 897 696 141
-341 -534 -764 -808
-737 -241 -108 -237
843 5 257 -177
[RUN #23 4 4]
-348 -961 -528 -408
443 545 -707 179
-770 -234 -508 -674
-25 735 948 791
[RUN #24 4 4]
-303 377 -473 823
-974 904 5 -239
200 -740 -410 -898
-910 -945 -417 596
[RUN #25 4 4]
-656 877 681 -745
-597 375 91 -282
577 -344 -184 289
-998 673 315 325
[RUN #26 4 4]
671 551 -355 865
-40 542 41 -894
291 402 176 751
-313 -367 608 162
[RUN #27 4 4]
-529 -256 728 -460
-120 -693 278 563
-101 -994 -850 -72
192 783 -372 -487
[RUN #28 4 4]
-112 -451 105 -715
-412 -709 426 -932
454 -699 -703 -246
-603 40 -92 -785
[RUN #29 4 4]
-358 676 -742 873
316 -745 273 508
-37 -488 626 426
-258 -350 -570 16
[RUN #30 4 4]
-910 -827 -519 -902
888 -770 261 -191
321 -302 644 156
-653 35 487 83
[RUN #31 4 4]
-1 -141 643 329
-987 209 810 -868
927 -238 -708 -196
694 418 203 -380
[RUN #32 4 4]
858 168 984 -532
783 775 -587 -918
6 406 166 -780
-34 484 -292 -857
[RUN #33 4 4]
-368 207 -242 789
-587 -659 769 -79
-548 999 342 178
-387 364 -474 -246
[RUN #34 4 4]
-790 860 -577 214
-350 726 -656 -827
979 52 -695 962
-503 -649 -922 447
[RUN #35 4 5]
986 -250 -583 -321
584 -701 -775 684
-595 222 306 -894
-847 531 -323 226
-182 -430 384 -904
[RUN #36 5 5]
225 -918 -409 -622 958
-17 672 345 -757 595
534 234 -105 -827 486
746 9 -337 609 -907
84 880 734 -770 518
[RUN #37 3 5]
930 379 -683
807 -307 937
-705 -868 -862
251 247 -59
487 261 -256
[RUN #38 15 3]
-461 -785 -899 -539 -187 341 507 254 -849 -132 -221 334 682 -596 830
-241 35 187 575 -972 977 551 -997 806 382 771 671 293 996 -28
-978 -294 149 -247 -541 208 -569 -700 -453 -639 834 -589 -962 158 926
[RUN #39 4 3]
633 -826 -731 -377
-15 -680 276 318
-654 768 -95 465
